<?xml version="1.0" encoding="UTF-8"?>
<!-- Generated by org.testng.reporters.JUnitReportReporter -->
<testsuite hostname="TYC0522054" failures="0" tests="1" name="testCases.TC002_LoginTest" time="2.086" errors="0" timestamp="2024-07-16T22:59:40 IST" skipped="0">
  <testcase classname="testCases.TC002_LoginTest" name="verify_Login" time="2.086"/>
</testsuite> <!-- testCases.TC002_LoginTest -->
