<?xml version="1.0" encoding="UTF-8"?>
<!-- Generated by org.testng.reporters.JUnitReportReporter -->
<testsuite hostname="TYC0522054" failures="0" tests="1" name="testCases.TC001_AccountRegistrationTest" time="3.808" errors="0" timestamp="2024-07-16T22:59:40 IST" skipped="0">
  <testcase classname="testCases.TC001_AccountRegistrationTest" name="verify_account_registration" time="3.808"/>
</testsuite> <!-- testCases.TC001_AccountRegistrationTest -->
